> Initialized logger
> /home/annemirasol/remidiv2/serveus/views.py:5: ExtDeprecationWarning: Importing flask.ext.login is deprecated, use flask_login instead.
>   from flask.ext.login import login_user, current_user, LoginManager, logout_user, login_required
> /home/annemirasol/remidiv2/serveus/views.py:7: ExtDeprecationWarning: Importing flask.ext.wtf is deprecated, use flask_wtf instead.
>   from flask.ext.wtf import Form
> /home/annemirasol/remidiv2/serveus/admin.py:2: ExtDeprecationWarning: Importing flask.ext.admin is deprecated, use flask_admin instead.
>   from flask.ext.admin import Admin, AdminIndexView, expose
> /home/annemirasol/remidiv2/serveus/admin.py:3: ExtDeprecationWarning: Importing flask.ext.admin.base is deprecated, use flask_admin.base instead.
>   from flask.ext.admin.base import MenuLink
> /home/annemirasol/remidiv2/serveus/admin.py:4: ExtDeprecationWarning: Importing flask.ext.admin.contrib is deprecated, use flask_admin.contrib instead.
>   from flask.ext.admin.contrib.sqla import ModelView
> /home/annemirasol/remidiv2/serveus/admin.py:4: ExtDeprecationWarning: Importing flask.ext.admin.contrib.sqla is deprecated, use flask_admin.contrib.sqla instead.
>   from flask.ext.admin.contrib.sqla import ModelView
> /home/annemirasol/remidiv2/serveus/admin.py:5: ExtDeprecationWarning: Importing flask.ext.admin.contrib.fileadmin is deprecated, use flask_admin.contrib.fileadmin instead.
>   from flask.ext.admin.contrib.fileadmin import FileAdmin
> /home/annemirasol/remidiv2/serveus/admin.py:12: ExtDeprecationWarning: Importing flask.ext.admin.actions is deprecated, use flask_admin.actions instead.
>   from flask.ext.admin.actions import action
> Traceback (most recent call last):
>   File "reset.py", line 5, in <module>
> from serveus.models import *
>   File "/home/annemirasol/remidiv2/serveus/__init__.py", line 71, in <module>
> from serveus import views, models, admin
>   File "/home/annemirasol/remidiv2/serveus/admin.py", line 178, in <module>
> admintype = UserType.query.filter(UserType.name == 'Administrator').first()
>   File "/usr/local/lib/python2.7/dist-packages/sqlalchemy/orm/query.py", line 2789, in first
> ret = list(self[0:1])
>   File "/usr/local/lib/python2.7/dist-packages/sqlalchemy/orm/query.py", line 2581, in __getitem__
> return list(res)
>   File "/usr/local/lib/python2.7/dist-packages/sqlalchemy/orm/query.py", line 2889, in __iter__
> return self._execute_and_instances(context)
>   File "/usr/local/lib/python2.7/dist-packages/sqlalchemy/orm/query.py", line 2912, in _execute_and_instances
> result = conn.execute(querycontext.statement, self._params)
>   File "/usr/local/lib/python2.7/dist-packages/sqlalchemy/engine/base.py", line 948, in execute
> return meth(self, multiparams, params)
>   File "/usr/local/lib/python2.7/dist-packages/sqlalchemy/sql/elements.py", line 269, in _execute_on_connection
> return connection._execute_clauseelement(self, multiparams, params)
>   File "/usr/local/lib/python2.7/dist-packages/sqlalchemy/engine/base.py", line 1060, in _execute_clauseelement
> compiled_sql, distilled_params
>   File "/usr/local/lib/python2.7/dist-packages/sqlalchemy/engine/base.py", line 1200, in _execute_context
> context)
>   File "/usr/local/lib/python2.7/dist-packages/sqlalchemy/engine/base.py", line 1413, in _handle_dbapi_exception
> exc_info
>   File "/usr/local/lib/python2.7/dist-packages/sqlalchemy/util/compat.py", line 203, in raise_from_cause
> reraise(type(exception), exception, tb=exc_tb, cause=cause)
>   File "/usr/local/lib/python2.7/dist-packages/sqlalchemy/engine/base.py", line 1193, in _execute_context
> context)
>   File "/usr/local/lib/python2.7/dist-packages/sqlalchemy/engine/default.py", line 507, in do_execute
> cursor.execute(statement, parameters)
> sqlalchemy.exc
> .
> OperationalError
> :
> (sqlite3.OperationalError) no such table: usertype [SQL: u'SELECT usertype.id AS usertype_id, usertype.name AS usertype_name \nFROM usertype \nWHERE usertype.name = ?\n LIMIT ? OFFSET ?'] [parameters: ('Administrator', 1, 0)] (Background on this error at: http://sqlalche.me/e/e3q8)
